<?xml version="1.0" encoding="UTF-8"?>
<!-- Generated by org.testng.reporters.JUnitReportReporter -->
<testsuite hostname="USER-no-MacBook-Pro.local" failures="0" tests="4" name="calculatorTestNG.calculatorTest" time="0.023" errors="0" timestamp="2019-10-10T11:36:21 JST" skipped="0">
  <testcase classname="calculatorTestNG.calculatorTest" name="Add" time="0.014"/>
  <testcase classname="calculatorTestNG.calculatorTest" name="subtract" time="0.003"/>
  <testcase classname="calculatorTestNG.calculatorTest" name="divide" time="0.003"/>
  <testcase classname="calculatorTestNG.calculatorTest" name="multiply" time="0.003"/>
</testsuite> <!-- calculatorTestNG.calculatorTest -->
