<?xml version="1.0" encoding="UTF-8"?>
<!-- Generated by org.testng.reporters.JUnitReportReporter -->
<testsuite hostname="USER-no-MacBook-Pro.local" failures="0" tests="12" name="calculatorTestNG.calculatorTest2" time="0.030" errors="0" timestamp="2019-10-10T11:36:21 JST" skipped="0">
  <testcase classname="calculatorTestNG.calculatorTest2" name="Add1" time="0.002"/>
  <testcase classname="calculatorTestNG.calculatorTest2" name="Add1" time="0.001"/>
  <testcase classname="calculatorTestNG.calculatorTest2" name="Add1" time="0.003"/>
  <testcase classname="calculatorTestNG.calculatorTest2" name="subtract1" time="0.004"/>
  <testcase classname="calculatorTestNG.calculatorTest2" name="subtract1" time="0.003"/>
  <testcase classname="calculatorTestNG.calculatorTest2" name="subtract1" time="0.002"/>
  <testcase classname="calculatorTestNG.calculatorTest2" name="divide2" time="0.003"/>
  <testcase classname="calculatorTestNG.calculatorTest2" name="divide2" time="0.002"/>
  <testcase classname="calculatorTestNG.calculatorTest2" name="divide2" time="0.005"/>
  <testcase classname="calculatorTestNG.calculatorTest2" name="multiply3" time="0.002"/>
  <testcase classname="calculatorTestNG.calculatorTest2" name="multiply3" time="0.002"/>
  <testcase classname="calculatorTestNG.calculatorTest2" name="multiply3" time="0.001"/>
</testsuite> <!-- calculatorTestNG.calculatorTest2 -->
