<?xml version="1.0" encoding="UTF-8"?>
<!-- Generated by org.testng.reporters.JUnitReportReporter -->
<testsuite hostname="USER-no-MacBook-Pro.local" failures="0" tests="1" name="calculatorTest" time="0.012" errors="0" timestamp="2019-10-09T21:46:59 JST" skipped="0">
  <testcase classname="calculatorTest" name="Add" time="0.012"/>
</testsuite> <!-- calculatorTest -->
